Running fetch_delegators_metrics.py ...
[2025-04-07 14:30:02 UTC] ✅ Saved CSV file: reports/delegators.csv
[2025-04-07 14:30:05 UTC] ℹ️ No metadata found for address 0x863e1fc588651c432a1bbb7c8afdf2c3d34921ea
[2025-04-07 14:30:10 UTC] ℹ️ No metadata found for address 0xdeb712db301285ed483ef9e02dd08a1980f273f1
[2025-04-07 14:30:21 UTC] ℹ️ No metadata found for address 0xf7793bf9561c32ffbac603ce572fa55643f9cf72
[2025-04-07 14:30:46 UTC] ℹ️ No metadata found for address 0x3b9ba748691f135b71582dc3292e5e3ed7e13341
[2025-04-07 14:30:47 UTC] ℹ️ No metadata found for address 0x3b9ba748691f135b71582dc3292e5e3ed7e13341
[2025-04-07 14:30:48 UTC] ℹ️ No metadata found for address 0xbb31364ed8192494371d94a6c1cab02351ebfcbb
[2025-04-07 14:30:49 UTC] ℹ️ No metadata found for address 0x6f9bb7e454f5b3eb2310343f0e99269dc2bb8a1d
[2025-04-07 14:31:10 UTC] ℹ️ No metadata found for address 0x066636093e6c3417a0b46c3ecfbd34b5bda00092
fetch_delegators_metrics.py completed
Dashboards successfully generated.
Running fetch_delegators_metrics.py ...
Traceback (most recent call last):
  File "/home/paolo/factory/delegators/fetch_delegators_metrics.py", line 468, in <module>
    delegators = fetch_metrics()
                 ^^^^^^^^^^^^^^^
  File "/home/paolo/factory/delegators/fetch_delegators_metrics.py", line 176, in fetch_metrics
    events = fetcher.fetch_events()
             ^^^^^^^^^^^^^^^^^^^^^^
  File "/home/paolo/factory/delegators/fetch_delegators_metrics.py", line 101, in fetch_events
    data = self.run_query(query)
           ^^^^^^^^^^^^^^^^^^^^^
  File "/home/paolo/factory/delegators/fetch_delegators_metrics.py", line 80, in run_query
    return response.json()["data"]
           ~~~~~~~~~~~~~~~^^^^^^^^
KeyError: 'data'
Error: fetch_delegators_metrics.py failed.
Running fetch_delegators_metrics.py ...
[2025-04-07 16:30:02 UTC] ✅ Saved CSV file: reports/delegators.csv
[2025-04-07 16:30:06 UTC] ℹ️ No metadata found for address 0x863e1fc588651c432a1bbb7c8afdf2c3d34921ea
[2025-04-07 16:30:12 UTC] ℹ️ No metadata found for address 0xdeb712db301285ed483ef9e02dd08a1980f273f1
[2025-04-07 16:30:23 UTC] ℹ️ No metadata found for address 0xf7793bf9561c32ffbac603ce572fa55643f9cf72
[2025-04-07 16:30:45 UTC] ℹ️ No metadata found for address 0x3b9ba748691f135b71582dc3292e5e3ed7e13341
[2025-04-07 16:30:46 UTC] ℹ️ No metadata found for address 0x3b9ba748691f135b71582dc3292e5e3ed7e13341
[2025-04-07 16:30:46 UTC] ℹ️ No metadata found for address 0xbb31364ed8192494371d94a6c1cab02351ebfcbb
[2025-04-07 16:30:47 UTC] ℹ️ No metadata found for address 0x6f9bb7e454f5b3eb2310343f0e99269dc2bb8a1d
[2025-04-07 16:31:03 UTC] ℹ️ No metadata found for address 0x066636093e6c3417a0b46c3ecfbd34b5bda00092
fetch_delegators_metrics.py completed
Dashboards successfully generated.
Running fetch_delegators_metrics.py ...
[2025-04-07 17:30:02 UTC] ✅ Saved CSV file: reports/delegators.csv
[2025-04-07 17:30:06 UTC] ℹ️ No metadata found for address 0x863e1fc588651c432a1bbb7c8afdf2c3d34921ea
[2025-04-07 17:30:13 UTC] ℹ️ No metadata found for address 0xdeb712db301285ed483ef9e02dd08a1980f273f1
[2025-04-07 17:30:24 UTC] ℹ️ No metadata found for address 0xf7793bf9561c32ffbac603ce572fa55643f9cf72
[2025-04-07 17:30:45 UTC] ℹ️ No metadata found for address 0x3b9ba748691f135b71582dc3292e5e3ed7e13341
[2025-04-07 17:30:46 UTC] ℹ️ No metadata found for address 0x3b9ba748691f135b71582dc3292e5e3ed7e13341
[2025-04-07 17:30:47 UTC] ℹ️ No metadata found for address 0xbb31364ed8192494371d94a6c1cab02351ebfcbb
[2025-04-07 17:30:48 UTC] ℹ️ No metadata found for address 0x6f9bb7e454f5b3eb2310343f0e99269dc2bb8a1d
[2025-04-07 17:31:04 UTC] ℹ️ No metadata found for address 0x066636093e6c3417a0b46c3ecfbd34b5bda00092
fetch_delegators_metrics.py completed
Dashboards successfully generated.
Running fetch_delegators_metrics.py ...
[2025-04-07 18:30:02 UTC] ✅ Saved CSV file: reports/delegators.csv
[2025-04-07 18:30:06 UTC] ℹ️ No metadata found for address 0x863e1fc588651c432a1bbb7c8afdf2c3d34921ea
[2025-04-07 18:30:12 UTC] ℹ️ No metadata found for address 0xdeb712db301285ed483ef9e02dd08a1980f273f1
[2025-04-07 18:30:23 UTC] ℹ️ No metadata found for address 0xf7793bf9561c32ffbac603ce572fa55643f9cf72
[2025-04-07 18:30:44 UTC] ℹ️ No metadata found for address 0x3b9ba748691f135b71582dc3292e5e3ed7e13341
[2025-04-07 18:30:44 UTC] ℹ️ No metadata found for address 0x3b9ba748691f135b71582dc3292e5e3ed7e13341
[2025-04-07 18:30:45 UTC] ℹ️ No metadata found for address 0xbb31364ed8192494371d94a6c1cab02351ebfcbb
[2025-04-07 18:30:46 UTC] ℹ️ No metadata found for address 0x6f9bb7e454f5b3eb2310343f0e99269dc2bb8a1d
[2025-04-07 18:31:04 UTC] ℹ️ No metadata found for address 0x066636093e6c3417a0b46c3ecfbd34b5bda00092
fetch_delegators_metrics.py completed
Dashboards successfully generated.
Running fetch_delegators_metrics.py ...
[2025-04-07 19:30:02 UTC] ✅ Saved CSV file: reports/delegators.csv
[2025-04-07 19:30:09 UTC] ℹ️ No metadata found for address 0x863e1fc588651c432a1bbb7c8afdf2c3d34921ea
[2025-04-07 19:30:15 UTC] ℹ️ No metadata found for address 0xdeb712db301285ed483ef9e02dd08a1980f273f1
[2025-04-07 19:30:26 UTC] ℹ️ No metadata found for address 0xf7793bf9561c32ffbac603ce572fa55643f9cf72
[2025-04-07 19:30:46 UTC] ℹ️ No metadata found for address 0x3b9ba748691f135b71582dc3292e5e3ed7e13341
[2025-04-07 19:30:46 UTC] ℹ️ No metadata found for address 0x3b9ba748691f135b71582dc3292e5e3ed7e13341
[2025-04-07 19:30:47 UTC] ℹ️ No metadata found for address 0xbb31364ed8192494371d94a6c1cab02351ebfcbb
[2025-04-07 19:30:48 UTC] ℹ️ No metadata found for address 0x6f9bb7e454f5b3eb2310343f0e99269dc2bb8a1d
[2025-04-07 19:31:06 UTC] ℹ️ No metadata found for address 0x066636093e6c3417a0b46c3ecfbd34b5bda00092
fetch_delegators_metrics.py completed
Dashboards successfully generated.
Running fetch_delegators_metrics.py ...
[2025-04-07 20:30:01 UTC] ✅ Saved CSV file: reports/delegators.csv
[2025-04-07 20:30:06 UTC] ℹ️ No metadata found for address 0x863e1fc588651c432a1bbb7c8afdf2c3d34921ea
[2025-04-07 20:30:10 UTC] ℹ️ No metadata found for address 0xdeb712db301285ed483ef9e02dd08a1980f273f1
[2025-04-07 20:30:17 UTC] ℹ️ No metadata found for address 0xf7793bf9561c32ffbac603ce572fa55643f9cf72
[2025-04-07 20:30:30 UTC] ℹ️ No metadata found for address 0x3b9ba748691f135b71582dc3292e5e3ed7e13341
[2025-04-07 20:30:31 UTC] ℹ️ No metadata found for address 0x3b9ba748691f135b71582dc3292e5e3ed7e13341
[2025-04-07 20:30:31 UTC] ℹ️ No metadata found for address 0xbb31364ed8192494371d94a6c1cab02351ebfcbb
[2025-04-07 20:30:32 UTC] ℹ️ No metadata found for address 0x6f9bb7e454f5b3eb2310343f0e99269dc2bb8a1d
[2025-04-07 20:30:44 UTC] ℹ️ No metadata found for address 0x066636093e6c3417a0b46c3ecfbd34b5bda00092
fetch_delegators_metrics.py completed
Dashboards successfully generated.
Running fetch_delegators_metrics.py ...
[2025-04-07 21:30:02 UTC] ✅ Saved CSV file: reports/delegators.csv
[2025-04-07 21:30:09 UTC] ℹ️ No metadata found for address 0x863e1fc588651c432a1bbb7c8afdf2c3d34921ea
[2025-04-07 21:30:15 UTC] ℹ️ No metadata found for address 0xdeb712db301285ed483ef9e02dd08a1980f273f1
[2025-04-07 21:30:25 UTC] ℹ️ No metadata found for address 0xf7793bf9561c32ffbac603ce572fa55643f9cf72
[2025-04-07 21:30:44 UTC] ℹ️ No metadata found for address 0x3b9ba748691f135b71582dc3292e5e3ed7e13341
[2025-04-07 21:30:45 UTC] ℹ️ No metadata found for address 0x3b9ba748691f135b71582dc3292e5e3ed7e13341
[2025-04-07 21:30:46 UTC] ℹ️ No metadata found for address 0xbb31364ed8192494371d94a6c1cab02351ebfcbb
[2025-04-07 21:30:47 UTC] ℹ️ No metadata found for address 0x6f9bb7e454f5b3eb2310343f0e99269dc2bb8a1d
[2025-04-07 21:31:04 UTC] ℹ️ No metadata found for address 0x066636093e6c3417a0b46c3ecfbd34b5bda00092
fetch_delegators_metrics.py completed
Dashboards successfully generated.
Running fetch_delegators_metrics.py ...
[2025-04-07 22:30:01 UTC] ✅ Saved CSV file: reports/delegators.csv
[2025-04-07 22:30:06 UTC] ℹ️ No metadata found for address 0x863e1fc588651c432a1bbb7c8afdf2c3d34921ea
[2025-04-07 22:30:11 UTC] ℹ️ No metadata found for address 0xdeb712db301285ed483ef9e02dd08a1980f273f1
[2025-04-07 22:30:20 UTC] ℹ️ No metadata found for address 0xf7793bf9561c32ffbac603ce572fa55643f9cf72
[2025-04-07 22:30:39 UTC] ℹ️ No metadata found for address 0x3b9ba748691f135b71582dc3292e5e3ed7e13341
[2025-04-07 22:30:40 UTC] ℹ️ No metadata found for address 0x3b9ba748691f135b71582dc3292e5e3ed7e13341
[2025-04-07 22:30:41 UTC] ℹ️ No metadata found for address 0xbb31364ed8192494371d94a6c1cab02351ebfcbb
[2025-04-07 22:30:41 UTC] ℹ️ No metadata found for address 0x6f9bb7e454f5b3eb2310343f0e99269dc2bb8a1d
[2025-04-07 22:30:58 UTC] ℹ️ No metadata found for address 0x066636093e6c3417a0b46c3ecfbd34b5bda00092
fetch_delegators_metrics.py completed
Dashboards successfully generated.
Running fetch_delegators_metrics.py ...
[2025-04-07 23:30:02 UTC] ✅ Saved CSV file: reports/delegators.csv
[2025-04-07 23:30:08 UTC] ℹ️ No metadata found for address 0x863e1fc588651c432a1bbb7c8afdf2c3d34921ea
[2025-04-07 23:30:12 UTC] ℹ️ No metadata found for address 0xdeb712db301285ed483ef9e02dd08a1980f273f1
[2025-04-07 23:30:23 UTC] ℹ️ No metadata found for address 0xf7793bf9561c32ffbac603ce572fa55643f9cf72
[2025-04-07 23:30:45 UTC] ℹ️ No metadata found for address 0x3b9ba748691f135b71582dc3292e5e3ed7e13341
[2025-04-07 23:30:46 UTC] ℹ️ No metadata found for address 0x3b9ba748691f135b71582dc3292e5e3ed7e13341
[2025-04-07 23:30:47 UTC] ℹ️ No metadata found for address 0xbb31364ed8192494371d94a6c1cab02351ebfcbb
[2025-04-07 23:30:48 UTC] ℹ️ No metadata found for address 0x6f9bb7e454f5b3eb2310343f0e99269dc2bb8a1d
[2025-04-07 23:31:07 UTC] ℹ️ No metadata found for address 0x066636093e6c3417a0b46c3ecfbd34b5bda00092
fetch_delegators_metrics.py completed
Dashboards successfully generated.
Running fetch_delegators_metrics.py ...
[2025-04-08 00:30:01 UTC] ✅ Saved CSV file: reports/delegators.csv
[2025-04-08 00:30:09 UTC] ℹ️ No metadata found for address 0x863e1fc588651c432a1bbb7c8afdf2c3d34921ea
[2025-04-08 00:30:15 UTC] ℹ️ No metadata found for address 0xdeb712db301285ed483ef9e02dd08a1980f273f1
[2025-04-08 00:30:25 UTC] ℹ️ No metadata found for address 0xf7793bf9561c32ffbac603ce572fa55643f9cf72
[2025-04-08 00:30:45 UTC] ℹ️ No metadata found for address 0x3b9ba748691f135b71582dc3292e5e3ed7e13341
[2025-04-08 00:30:45 UTC] ℹ️ No metadata found for address 0x3b9ba748691f135b71582dc3292e5e3ed7e13341
[2025-04-08 00:30:46 UTC] ℹ️ No metadata found for address 0xbb31364ed8192494371d94a6c1cab02351ebfcbb
[2025-04-08 00:30:47 UTC] ℹ️ No metadata found for address 0x6f9bb7e454f5b3eb2310343f0e99269dc2bb8a1d
[2025-04-08 00:31:02 UTC] ℹ️ No metadata found for address 0x066636093e6c3417a0b46c3ecfbd34b5bda00092
fetch_delegators_metrics.py completed
Dashboards successfully generated.
Running fetch_delegators_metrics.py ...
[2025-04-08 01:30:01 UTC] ✅ Saved CSV file: reports/delegators.csv
[2025-04-08 01:30:10 UTC] ℹ️ No metadata found for address 0x863e1fc588651c432a1bbb7c8afdf2c3d34921ea
[2025-04-08 01:30:16 UTC] ℹ️ No metadata found for address 0xdeb712db301285ed483ef9e02dd08a1980f273f1
[2025-04-08 01:30:26 UTC] ℹ️ No metadata found for address 0xf7793bf9561c32ffbac603ce572fa55643f9cf72
[2025-04-08 01:30:45 UTC] ℹ️ No metadata found for address 0x3b9ba748691f135b71582dc3292e5e3ed7e13341
[2025-04-08 01:30:45 UTC] ℹ️ No metadata found for address 0x3b9ba748691f135b71582dc3292e5e3ed7e13341
[2025-04-08 01:30:46 UTC] ℹ️ No metadata found for address 0xbb31364ed8192494371d94a6c1cab02351ebfcbb
[2025-04-08 01:30:47 UTC] ℹ️ No metadata found for address 0x6f9bb7e454f5b3eb2310343f0e99269dc2bb8a1d
[2025-04-08 01:31:03 UTC] ℹ️ No metadata found for address 0x066636093e6c3417a0b46c3ecfbd34b5bda00092
fetch_delegators_metrics.py completed
Dashboards successfully generated.
Running fetch_delegators_metrics.py ...
[2025-04-08 02:30:01 UTC] ✅ Saved CSV file: reports/delegators.csv
[2025-04-08 02:30:11 UTC] ℹ️ No metadata found for address 0x863e1fc588651c432a1bbb7c8afdf2c3d34921ea
[2025-04-08 02:30:14 UTC] ℹ️ No metadata found for address 0xdeb712db301285ed483ef9e02dd08a1980f273f1
[2025-04-08 02:30:20 UTC] ℹ️ No metadata found for address 0xf7793bf9561c32ffbac603ce572fa55643f9cf72
[2025-04-08 02:30:30 UTC] ℹ️ No metadata found for address 0x3b9ba748691f135b71582dc3292e5e3ed7e13341
[2025-04-08 02:30:30 UTC] ℹ️ No metadata found for address 0x3b9ba748691f135b71582dc3292e5e3ed7e13341
[2025-04-08 02:30:30 UTC] ℹ️ No metadata found for address 0xbb31364ed8192494371d94a6c1cab02351ebfcbb
[2025-04-08 02:30:31 UTC] ℹ️ No metadata found for address 0x6f9bb7e454f5b3eb2310343f0e99269dc2bb8a1d
[2025-04-08 02:30:41 UTC] ℹ️ No metadata found for address 0x066636093e6c3417a0b46c3ecfbd34b5bda00092
fetch_delegators_metrics.py completed
Dashboards successfully generated.
Running fetch_delegators_metrics.py ...
[2025-04-08 03:30:02 UTC] ✅ Saved CSV file: reports/delegators.csv
[2025-04-08 03:30:11 UTC] ℹ️ No metadata found for address 0x863e1fc588651c432a1bbb7c8afdf2c3d34921ea
[2025-04-08 03:30:16 UTC] ℹ️ No metadata found for address 0xdeb712db301285ed483ef9e02dd08a1980f273f1
[2025-04-08 03:30:26 UTC] ℹ️ No metadata found for address 0xf7793bf9561c32ffbac603ce572fa55643f9cf72
[2025-04-08 03:30:46 UTC] ℹ️ No metadata found for address 0x3b9ba748691f135b71582dc3292e5e3ed7e13341
[2025-04-08 03:30:46 UTC] ℹ️ No metadata found for address 0x3b9ba748691f135b71582dc3292e5e3ed7e13341
[2025-04-08 03:30:47 UTC] ℹ️ No metadata found for address 0xbb31364ed8192494371d94a6c1cab02351ebfcbb
[2025-04-08 03:30:48 UTC] ℹ️ No metadata found for address 0x6f9bb7e454f5b3eb2310343f0e99269dc2bb8a1d
[2025-04-08 03:31:05 UTC] ℹ️ No metadata found for address 0x066636093e6c3417a0b46c3ecfbd34b5bda00092
fetch_delegators_metrics.py completed
Dashboards successfully generated.
Running fetch_delegators_metrics.py ...
[2025-04-08 04:30:01 UTC] ✅ Saved CSV file: reports/delegators.csv
[2025-04-08 04:30:02 UTC] ℹ️ No metadata found for address 0xc55c63563efb36f7cc65ac3060c52987c6694b37
[2025-04-08 04:30:14 UTC] ℹ️ No metadata found for address 0x863e1fc588651c432a1bbb7c8afdf2c3d34921ea
[2025-04-08 04:30:20 UTC] ℹ️ No metadata found for address 0xdeb712db301285ed483ef9e02dd08a1980f273f1
[2025-04-08 04:30:31 UTC] ℹ️ No metadata found for address 0xf7793bf9561c32ffbac603ce572fa55643f9cf72
[2025-04-08 04:30:49 UTC] ℹ️ No metadata found for address 0x3b9ba748691f135b71582dc3292e5e3ed7e13341
[2025-04-08 04:30:49 UTC] ℹ️ No metadata found for address 0x3b9ba748691f135b71582dc3292e5e3ed7e13341
[2025-04-08 04:30:50 UTC] ℹ️ No metadata found for address 0xbb31364ed8192494371d94a6c1cab02351ebfcbb
[2025-04-08 04:30:50 UTC] ℹ️ No metadata found for address 0x6f9bb7e454f5b3eb2310343f0e99269dc2bb8a1d
[2025-04-08 04:31:08 UTC] ℹ️ No metadata found for address 0x066636093e6c3417a0b46c3ecfbd34b5bda00092
fetch_delegators_metrics.py completed
Dashboards successfully generated.
Running fetch_delegators_metrics.py ...
[2025-04-08 05:30:02 UTC] ✅ Saved CSV file: reports/delegators.csv
[2025-04-08 05:30:04 UTC] ℹ️ No metadata found for address 0xc55c63563efb36f7cc65ac3060c52987c6694b37
[2025-04-08 05:30:18 UTC] ℹ️ No metadata found for address 0x863e1fc588651c432a1bbb7c8afdf2c3d34921ea
[2025-04-08 05:30:27 UTC] ℹ️ No metadata found for address 0xdeb712db301285ed483ef9e02dd08a1980f273f1
[2025-04-08 05:30:39 UTC] ℹ️ No metadata found for address 0xf7793bf9561c32ffbac603ce572fa55643f9cf72
[2025-04-08 05:30:59 UTC] ℹ️ No metadata found for address 0x3b9ba748691f135b71582dc3292e5e3ed7e13341
[2025-04-08 05:30:59 UTC] ℹ️ No metadata found for address 0x3b9ba748691f135b71582dc3292e5e3ed7e13341
[2025-04-08 05:31:00 UTC] ℹ️ No metadata found for address 0xbb31364ed8192494371d94a6c1cab02351ebfcbb
[2025-04-08 05:31:01 UTC] ℹ️ No metadata found for address 0x6f9bb7e454f5b3eb2310343f0e99269dc2bb8a1d
[2025-04-08 05:31:19 UTC] ℹ️ No metadata found for address 0x066636093e6c3417a0b46c3ecfbd34b5bda00092
fetch_delegators_metrics.py completed
Dashboards successfully generated.
Running fetch_delegators_metrics.py ...
[2025-04-08 06:30:01 UTC] ✅ Saved CSV file: reports/delegators.csv
[2025-04-08 06:30:04 UTC] ℹ️ No metadata found for address 0xc55c63563efb36f7cc65ac3060c52987c6694b37
[2025-04-08 06:30:15 UTC] ℹ️ No metadata found for address 0x863e1fc588651c432a1bbb7c8afdf2c3d34921ea
[2025-04-08 06:30:22 UTC] ℹ️ No metadata found for address 0xdeb712db301285ed483ef9e02dd08a1980f273f1
[2025-04-08 06:30:32 UTC] ℹ️ No metadata found for address 0xf7793bf9561c32ffbac603ce572fa55643f9cf72
[2025-04-08 06:30:52 UTC] ℹ️ No metadata found for address 0x3b9ba748691f135b71582dc3292e5e3ed7e13341
[2025-04-08 06:30:53 UTC] ℹ️ No metadata found for address 0x3b9ba748691f135b71582dc3292e5e3ed7e13341
[2025-04-08 06:30:54 UTC] ℹ️ No metadata found for address 0xbb31364ed8192494371d94a6c1cab02351ebfcbb
[2025-04-08 06:30:55 UTC] ℹ️ No metadata found for address 0x6f9bb7e454f5b3eb2310343f0e99269dc2bb8a1d
[2025-04-08 06:31:13 UTC] ℹ️ No metadata found for address 0x066636093e6c3417a0b46c3ecfbd34b5bda00092
fetch_delegators_metrics.py completed
Dashboards successfully generated.
Running fetch_delegators_metrics.py ...
[2025-04-08 07:30:01 UTC] ✅ Saved CSV file: reports/delegators.csv
[2025-04-08 07:30:04 UTC] ℹ️ No metadata found for address 0xc55c63563efb36f7cc65ac3060c52987c6694b37
[2025-04-08 07:30:22 UTC] ℹ️ No metadata found for address 0x863e1fc588651c432a1bbb7c8afdf2c3d34921ea
[2025-04-08 07:30:26 UTC] ℹ️ No metadata found for address 0xdeb712db301285ed483ef9e02dd08a1980f273f1
[2025-04-08 07:30:34 UTC] ℹ️ No metadata found for address 0xf7793bf9561c32ffbac603ce572fa55643f9cf72
[2025-04-08 07:30:50 UTC] ℹ️ No metadata found for address 0x3b9ba748691f135b71582dc3292e5e3ed7e13341
[2025-04-08 07:30:50 UTC] ℹ️ No metadata found for address 0x3b9ba748691f135b71582dc3292e5e3ed7e13341
[2025-04-08 07:30:51 UTC] ℹ️ No metadata found for address 0xbb31364ed8192494371d94a6c1cab02351ebfcbb
[2025-04-08 07:30:52 UTC] ℹ️ No metadata found for address 0x6f9bb7e454f5b3eb2310343f0e99269dc2bb8a1d
[2025-04-08 07:31:05 UTC] ℹ️ No metadata found for address 0x066636093e6c3417a0b46c3ecfbd34b5bda00092
fetch_delegators_metrics.py completed
Dashboards successfully generated.
Running fetch_delegators_metrics.py ...
[2025-04-08 08:30:01 UTC] ✅ Saved CSV file: reports/delegators.csv
[2025-04-08 08:30:04 UTC] ℹ️ No metadata found for address 0xc55c63563efb36f7cc65ac3060c52987c6694b37
[2025-04-08 08:30:16 UTC] ℹ️ No metadata found for address 0x863e1fc588651c432a1bbb7c8afdf2c3d34921ea
[2025-04-08 08:30:23 UTC] ℹ️ No metadata found for address 0xdeb712db301285ed483ef9e02dd08a1980f273f1
[2025-04-08 08:30:32 UTC] ℹ️ No metadata found for address 0xf7793bf9561c32ffbac603ce572fa55643f9cf72
[2025-04-08 08:30:50 UTC] ℹ️ No metadata found for address 0x3b9ba748691f135b71582dc3292e5e3ed7e13341
[2025-04-08 08:30:51 UTC] ℹ️ No metadata found for address 0x3b9ba748691f135b71582dc3292e5e3ed7e13341
[2025-04-08 08:30:52 UTC] ℹ️ No metadata found for address 0xbb31364ed8192494371d94a6c1cab02351ebfcbb
[2025-04-08 08:30:52 UTC] ℹ️ No metadata found for address 0x6f9bb7e454f5b3eb2310343f0e99269dc2bb8a1d
[2025-04-08 08:31:10 UTC] ℹ️ No metadata found for address 0x066636093e6c3417a0b46c3ecfbd34b5bda00092
fetch_delegators_metrics.py completed
Dashboards successfully generated.
Running fetch_delegators_metrics.py ...
[2025-04-08 09:30:01 UTC] ✅ Saved CSV file: reports/delegators.csv
[2025-04-08 09:30:06 UTC] ℹ️ No metadata found for address 0xc55c63563efb36f7cc65ac3060c52987c6694b37
[2025-04-08 09:30:22 UTC] ℹ️ No metadata found for address 0x863e1fc588651c432a1bbb7c8afdf2c3d34921ea
[2025-04-08 09:30:28 UTC] ℹ️ No metadata found for address 0xdeb712db301285ed483ef9e02dd08a1980f273f1
[2025-04-08 09:30:41 UTC] ℹ️ No metadata found for address 0xf7793bf9561c32ffbac603ce572fa55643f9cf72
[2025-04-08 09:31:05 UTC] ℹ️ No metadata found for address 0x3b9ba748691f135b71582dc3292e5e3ed7e13341
[2025-04-08 09:31:05 UTC] ℹ️ No metadata found for address 0x3b9ba748691f135b71582dc3292e5e3ed7e13341
[2025-04-08 09:31:06 UTC] ℹ️ No metadata found for address 0xbb31364ed8192494371d94a6c1cab02351ebfcbb
[2025-04-08 09:31:07 UTC] ℹ️ No metadata found for address 0x6f9bb7e454f5b3eb2310343f0e99269dc2bb8a1d
[2025-04-08 09:31:24 UTC] ℹ️ No metadata found for address 0x066636093e6c3417a0b46c3ecfbd34b5bda00092
fetch_delegators_metrics.py completed
Dashboards successfully generated.
Running fetch_delegators_metrics.py ...
[2025-04-08 10:30:01 UTC] ✅ Saved CSV file: reports/delegators.csv
[2025-04-08 10:30:06 UTC] ℹ️ No metadata found for address 0xc55c63563efb36f7cc65ac3060c52987c6694b37
[2025-04-08 10:30:23 UTC] ℹ️ No metadata found for address 0x863e1fc588651c432a1bbb7c8afdf2c3d34921ea
[2025-04-08 10:30:29 UTC] ℹ️ No metadata found for address 0xdeb712db301285ed483ef9e02dd08a1980f273f1
[2025-04-08 10:30:39 UTC] ℹ️ No metadata found for address 0xf7793bf9561c32ffbac603ce572fa55643f9cf72
[2025-04-08 10:30:59 UTC] ℹ️ No metadata found for address 0x3b9ba748691f135b71582dc3292e5e3ed7e13341
[2025-04-08 10:31:00 UTC] ℹ️ No metadata found for address 0x3b9ba748691f135b71582dc3292e5e3ed7e13341
[2025-04-08 10:31:01 UTC] ℹ️ No metadata found for address 0xbb31364ed8192494371d94a6c1cab02351ebfcbb
[2025-04-08 10:31:01 UTC] ℹ️ No metadata found for address 0x6f9bb7e454f5b3eb2310343f0e99269dc2bb8a1d
[2025-04-08 10:31:19 UTC] ℹ️ No metadata found for address 0x066636093e6c3417a0b46c3ecfbd34b5bda00092
fetch_delegators_metrics.py completed
Dashboards successfully generated.
Running fetch_delegators_metrics.py ...
[2025-04-08 11:30:01 UTC] ✅ Saved CSV file: reports/delegators.csv
[2025-04-08 11:30:03 UTC] ℹ️ No metadata found for address 0xc55c63563efb36f7cc65ac3060c52987c6694b37
[2025-04-08 11:30:09 UTC] ℹ️ No metadata found for address 0x863e1fc588651c432a1bbb7c8afdf2c3d34921ea
[2025-04-08 11:30:12 UTC] ℹ️ No metadata found for address 0xdeb712db301285ed483ef9e02dd08a1980f273f1
[2025-04-08 11:30:21 UTC] ℹ️ No metadata found for address 0xf7793bf9561c32ffbac603ce572fa55643f9cf72
[2025-04-08 11:30:38 UTC] ℹ️ No metadata found for address 0x3b9ba748691f135b71582dc3292e5e3ed7e13341
[2025-04-08 11:30:39 UTC] ℹ️ No metadata found for address 0x3b9ba748691f135b71582dc3292e5e3ed7e13341
[2025-04-08 11:30:39 UTC] ℹ️ No metadata found for address 0xbb31364ed8192494371d94a6c1cab02351ebfcbb
[2025-04-08 11:30:39 UTC] ℹ️ No metadata found for address 0x6f9bb7e454f5b3eb2310343f0e99269dc2bb8a1d
[2025-04-08 11:30:48 UTC] ℹ️ No metadata found for address 0x066636093e6c3417a0b46c3ecfbd34b5bda00092
fetch_delegators_metrics.py completed
Dashboards successfully generated.
Running fetch_delegators_metrics.py ...
[2025-04-08 12:30:01 UTC] ✅ Saved CSV file: reports/delegators.csv
[2025-04-08 12:30:05 UTC] ℹ️ No metadata found for address 0xc55c63563efb36f7cc65ac3060c52987c6694b37
[2025-04-08 12:30:16 UTC] ℹ️ No metadata found for address 0x863e1fc588651c432a1bbb7c8afdf2c3d34921ea
[2025-04-08 12:30:23 UTC] ℹ️ No metadata found for address 0xdeb712db301285ed483ef9e02dd08a1980f273f1
[2025-04-08 12:30:31 UTC] ℹ️ No metadata found for address 0xf7793bf9561c32ffbac603ce572fa55643f9cf72
[2025-04-08 12:30:43 UTC] ℹ️ No metadata found for address 0x3b9ba748691f135b71582dc3292e5e3ed7e13341
[2025-04-08 12:30:43 UTC] ℹ️ No metadata found for address 0x3b9ba748691f135b71582dc3292e5e3ed7e13341
[2025-04-08 12:30:44 UTC] ℹ️ No metadata found for address 0xbb31364ed8192494371d94a6c1cab02351ebfcbb
[2025-04-08 12:30:44 UTC] ℹ️ No metadata found for address 0x6f9bb7e454f5b3eb2310343f0e99269dc2bb8a1d
[2025-04-08 12:30:54 UTC] ℹ️ No metadata found for address 0x066636093e6c3417a0b46c3ecfbd34b5bda00092
fetch_delegators_metrics.py completed
Dashboards successfully generated.
Running fetch_delegators_metrics.py ...
[2025-04-08 13:30:02 UTC] ✅ Saved CSV file: reports/delegators.csv
[2025-04-08 13:30:10 UTC] ℹ️ No metadata found for address 0xc55c63563efb36f7cc65ac3060c52987c6694b37
[2025-04-08 13:30:23 UTC] ℹ️ No metadata found for address 0x863e1fc588651c432a1bbb7c8afdf2c3d34921ea
[2025-04-08 13:30:32 UTC] ℹ️ No metadata found for address 0xdeb712db301285ed483ef9e02dd08a1980f273f1
[2025-04-08 13:30:44 UTC] ℹ️ No metadata found for address 0xf7793bf9561c32ffbac603ce572fa55643f9cf72
[2025-04-08 13:31:07 UTC] ℹ️ No metadata found for address 0x3b9ba748691f135b71582dc3292e5e3ed7e13341
[2025-04-08 13:31:08 UTC] ℹ️ No metadata found for address 0x3b9ba748691f135b71582dc3292e5e3ed7e13341
[2025-04-08 13:31:09 UTC] ℹ️ No metadata found for address 0xbb31364ed8192494371d94a6c1cab02351ebfcbb
[2025-04-08 13:31:10 UTC] ℹ️ No metadata found for address 0x6f9bb7e454f5b3eb2310343f0e99269dc2bb8a1d
[2025-04-08 13:31:25 UTC] ℹ️ No metadata found for address 0x066636093e6c3417a0b46c3ecfbd34b5bda00092
fetch_delegators_metrics.py completed
Dashboards successfully generated.
Running fetch_delegators_metrics.py ...
[2025-04-08 14:30:02 UTC] ✅ Saved CSV file: reports/delegators.csv
[2025-04-08 14:30:10 UTC] ℹ️ No metadata found for address 0xc55c63563efb36f7cc65ac3060c52987c6694b37
[2025-04-08 14:30:21 UTC] ℹ️ No metadata found for address 0x863e1fc588651c432a1bbb7c8afdf2c3d34921ea
[2025-04-08 14:30:28 UTC] ℹ️ No metadata found for address 0xdeb712db301285ed483ef9e02dd08a1980f273f1
[2025-04-08 14:30:36 UTC] ℹ️ No metadata found for address 0xf7793bf9561c32ffbac603ce572fa55643f9cf72
[2025-04-08 14:30:54 UTC] ℹ️ No metadata found for address 0x3b9ba748691f135b71582dc3292e5e3ed7e13341
[2025-04-08 14:30:54 UTC] ℹ️ No metadata found for address 0x3b9ba748691f135b71582dc3292e5e3ed7e13341
[2025-04-08 14:30:55 UTC] ℹ️ No metadata found for address 0xbb31364ed8192494371d94a6c1cab02351ebfcbb
[2025-04-08 14:30:56 UTC] ℹ️ No metadata found for address 0x6f9bb7e454f5b3eb2310343f0e99269dc2bb8a1d
[2025-04-08 14:31:10 UTC] ℹ️ No metadata found for address 0x066636093e6c3417a0b46c3ecfbd34b5bda00092
fetch_delegators_metrics.py completed
Dashboards successfully generated.
Running fetch_delegators_metrics.py ...
[2025-04-08 15:30:01 UTC] ✅ Saved CSV file: reports/delegators.csv
[2025-04-08 15:30:06 UTC] ℹ️ No metadata found for address 0xc55c63563efb36f7cc65ac3060c52987c6694b37
[2025-04-08 15:30:13 UTC] ℹ️ No metadata found for address 0x863e1fc588651c432a1bbb7c8afdf2c3d34921ea
[2025-04-08 15:30:16 UTC] ℹ️ No metadata found for address 0xdeb712db301285ed483ef9e02dd08a1980f273f1
[2025-04-08 15:30:24 UTC] ℹ️ No metadata found for address 0xf7793bf9561c32ffbac603ce572fa55643f9cf72
[2025-04-08 15:30:36 UTC] ℹ️ No metadata found for address 0x3b9ba748691f135b71582dc3292e5e3ed7e13341
[2025-04-08 15:30:36 UTC] ℹ️ No metadata found for address 0x3b9ba748691f135b71582dc3292e5e3ed7e13341
[2025-04-08 15:30:37 UTC] ℹ️ No metadata found for address 0xbb31364ed8192494371d94a6c1cab02351ebfcbb
[2025-04-08 15:30:37 UTC] ℹ️ No metadata found for address 0x6f9bb7e454f5b3eb2310343f0e99269dc2bb8a1d
[2025-04-08 15:30:46 UTC] ℹ️ No metadata found for address 0x066636093e6c3417a0b46c3ecfbd34b5bda00092
fetch_delegators_metrics.py completed
Dashboards successfully generated.
Running fetch_delegators_metrics.py ...
[2025-04-08 16:30:01 UTC] ✅ Saved CSV file: reports/delegators.csv
[2025-04-08 16:30:05 UTC] ℹ️ No metadata found for address 0xc55c63563efb36f7cc65ac3060c52987c6694b37
[2025-04-08 16:30:22 UTC] ℹ️ No metadata found for address 0x3b9ba748691f135b71582dc3292e5e3ed7e13341
[2025-04-08 16:30:22 UTC] ℹ️ No metadata found for address 0x3b9ba748691f135b71582dc3292e5e3ed7e13341
[2025-04-08 16:31:11 UTC] ℹ️ No metadata found for address 0x4f45530236e1c6603870301010dcab7b561125b3
fetch_delegators_metrics.py completed
Dashboards successfully generated.
Running fetch_delegators_metrics.py ...
[2025-04-08 17:30:02 UTC] ✅ Saved CSV file: reports/delegators.csv
[2025-04-08 17:30:05 UTC] ℹ️ No metadata found for address 0xc55c63563efb36f7cc65ac3060c52987c6694b37
[2025-04-08 17:30:20 UTC] ℹ️ No metadata found for address 0x3b9ba748691f135b71582dc3292e5e3ed7e13341
[2025-04-08 17:30:21 UTC] ℹ️ No metadata found for address 0x3b9ba748691f135b71582dc3292e5e3ed7e13341
[2025-04-08 17:31:06 UTC] ℹ️ No metadata found for address 0x4f45530236e1c6603870301010dcab7b561125b3
fetch_delegators_metrics.py completed
Dashboards successfully generated.
Running fetch_delegators_metrics.py ...
[2025-04-08 18:30:01 UTC] ✅ Saved CSV file: reports/delegators.csv
[2025-04-08 18:30:04 UTC] ℹ️ No metadata found for address 0xc55c63563efb36f7cc65ac3060c52987c6694b37
[2025-04-08 18:30:11 UTC] ℹ️ No metadata found for address 0x3b9ba748691f135b71582dc3292e5e3ed7e13341
[2025-04-08 18:30:11 UTC] ℹ️ No metadata found for address 0x3b9ba748691f135b71582dc3292e5e3ed7e13341
[2025-04-08 18:30:37 UTC] ℹ️ No metadata found for address 0x4f45530236e1c6603870301010dcab7b561125b3
fetch_delegators_metrics.py completed
Dashboards successfully generated.
Running fetch_delegators_metrics.py ...
[2025-04-08 19:30:02 UTC] ✅ Saved CSV file: reports/delegators.csv
[2025-04-08 19:30:04 UTC] ℹ️ No metadata found for address 0xc55c63563efb36f7cc65ac3060c52987c6694b37
[2025-04-08 19:30:13 UTC] ℹ️ No metadata found for address 0x3b9ba748691f135b71582dc3292e5e3ed7e13341
[2025-04-08 19:30:13 UTC] ℹ️ No metadata found for address 0x3b9ba748691f135b71582dc3292e5e3ed7e13341
[2025-04-08 19:30:41 UTC] ℹ️ No metadata found for address 0x4f45530236e1c6603870301010dcab7b561125b3
fetch_delegators_metrics.py completed
Dashboards successfully generated.
Running fetch_delegators_metrics.py ...
[2025-04-08 20:30:01 UTC] ✅ Saved CSV file: reports/delegators.csv
[2025-04-08 20:30:03 UTC] ℹ️ No metadata found for address 0xc55c63563efb36f7cc65ac3060c52987c6694b37
[2025-04-08 20:30:09 UTC] ℹ️ No metadata found for address 0x3b9ba748691f135b71582dc3292e5e3ed7e13341
[2025-04-08 20:30:09 UTC] ℹ️ No metadata found for address 0x3b9ba748691f135b71582dc3292e5e3ed7e13341
[2025-04-08 20:30:27 UTC] ℹ️ No metadata found for address 0x4f45530236e1c6603870301010dcab7b561125b3
fetch_delegators_metrics.py completed
Dashboards successfully generated.
Running fetch_delegators_metrics.py ...
[2025-04-08 21:30:02 UTC] ✅ Saved CSV file: reports/delegators.csv
[2025-04-08 21:30:05 UTC] ℹ️ No metadata found for address 0xc55c63563efb36f7cc65ac3060c52987c6694b37
[2025-04-08 21:30:14 UTC] ℹ️ No metadata found for address 0x3b9ba748691f135b71582dc3292e5e3ed7e13341
[2025-04-08 21:30:14 UTC] ℹ️ No metadata found for address 0x3b9ba748691f135b71582dc3292e5e3ed7e13341
[2025-04-08 21:30:46 UTC] ℹ️ No metadata found for address 0x4f45530236e1c6603870301010dcab7b561125b3
fetch_delegators_metrics.py completed
Dashboards successfully generated.
Running fetch_delegators_metrics.py ...
[2025-04-08 22:30:02 UTC] ✅ Saved CSV file: reports/delegators.csv
[2025-04-08 22:30:04 UTC] ℹ️ No metadata found for address 0xc55c63563efb36f7cc65ac3060c52987c6694b37
[2025-04-08 22:30:12 UTC] ℹ️ No metadata found for address 0x3b9ba748691f135b71582dc3292e5e3ed7e13341
[2025-04-08 22:30:13 UTC] ℹ️ No metadata found for address 0x3b9ba748691f135b71582dc3292e5e3ed7e13341
[2025-04-08 22:30:38 UTC] ℹ️ No metadata found for address 0x4f45530236e1c6603870301010dcab7b561125b3
fetch_delegators_metrics.py completed
Dashboards successfully generated.
Running fetch_delegators_metrics.py ...
[2025-04-08 23:30:01 UTC] ✅ Saved CSV file: reports/delegators.csv
[2025-04-08 23:30:04 UTC] ℹ️ No metadata found for address 0xc55c63563efb36f7cc65ac3060c52987c6694b37
[2025-04-08 23:30:13 UTC] ℹ️ No metadata found for address 0x3b9ba748691f135b71582dc3292e5e3ed7e13341
[2025-04-08 23:30:13 UTC] ℹ️ No metadata found for address 0x3b9ba748691f135b71582dc3292e5e3ed7e13341
[2025-04-08 23:30:40 UTC] ℹ️ No metadata found for address 0x4f45530236e1c6603870301010dcab7b561125b3
fetch_delegators_metrics.py completed
Dashboards successfully generated.
Running fetch_delegators_metrics.py ...
[2025-04-09 00:30:02 UTC] ✅ Saved CSV file: reports/delegators.csv
[2025-04-09 00:30:04 UTC] ℹ️ No metadata found for address 0xc55c63563efb36f7cc65ac3060c52987c6694b37
[2025-04-09 00:30:12 UTC] ℹ️ No metadata found for address 0x3b9ba748691f135b71582dc3292e5e3ed7e13341
[2025-04-09 00:30:12 UTC] ℹ️ No metadata found for address 0x3b9ba748691f135b71582dc3292e5e3ed7e13341
[2025-04-09 00:30:29 UTC] ℹ️ No metadata found for address 0x4f45530236e1c6603870301010dcab7b561125b3
fetch_delegators_metrics.py completed
Dashboards successfully generated.
Running fetch_delegators_metrics.py ...
[2025-04-09 01:30:02 UTC] ✅ Saved CSV file: reports/delegators.csv
[2025-04-09 01:30:03 UTC] ℹ️ No metadata found for address 0xc55c63563efb36f7cc65ac3060c52987c6694b37
[2025-04-09 01:30:08 UTC] ℹ️ No metadata found for address 0x3b9ba748691f135b71582dc3292e5e3ed7e13341
[2025-04-09 01:30:08 UTC] ℹ️ No metadata found for address 0x3b9ba748691f135b71582dc3292e5e3ed7e13341
[2025-04-09 01:30:22 UTC] ℹ️ No metadata found for address 0x4f45530236e1c6603870301010dcab7b561125b3
fetch_delegators_metrics.py completed
Dashboards successfully generated.
Running fetch_delegators_metrics.py ...
[2025-04-09 02:30:01 UTC] ✅ Saved CSV file: reports/delegators.csv
[2025-04-09 02:30:04 UTC] ℹ️ No metadata found for address 0xc55c63563efb36f7cc65ac3060c52987c6694b37
[2025-04-09 02:30:12 UTC] ℹ️ No metadata found for address 0x3b9ba748691f135b71582dc3292e5e3ed7e13341
[2025-04-09 02:30:12 UTC] ℹ️ No metadata found for address 0x3b9ba748691f135b71582dc3292e5e3ed7e13341
[2025-04-09 02:30:37 UTC] ℹ️ No metadata found for address 0x4f45530236e1c6603870301010dcab7b561125b3
fetch_delegators_metrics.py completed
Dashboards successfully generated.
Running fetch_delegators_metrics.py ...
[2025-04-09 03:30:02 UTC] ✅ Saved CSV file: reports/delegators.csv
[2025-04-09 03:30:04 UTC] ℹ️ No metadata found for address 0xc55c63563efb36f7cc65ac3060c52987c6694b37
[2025-04-09 03:30:09 UTC] ℹ️ No metadata found for address 0x3b9ba748691f135b71582dc3292e5e3ed7e13341
[2025-04-09 03:30:10 UTC] ℹ️ No metadata found for address 0x3b9ba748691f135b71582dc3292e5e3ed7e13341
[2025-04-09 03:30:27 UTC] ℹ️ No metadata found for address 0x4f45530236e1c6603870301010dcab7b561125b3
fetch_delegators_metrics.py completed
Dashboards successfully generated.
Running fetch_delegators_metrics.py ...
[2025-04-09 04:30:01 UTC] ✅ Saved CSV file: reports/delegators.csv
[2025-04-09 04:30:04 UTC] ℹ️ No metadata found for address 0xc55c63563efb36f7cc65ac3060c52987c6694b37
[2025-04-09 04:30:16 UTC] ℹ️ No metadata found for address 0x3b9ba748691f135b71582dc3292e5e3ed7e13341
[2025-04-09 04:30:17 UTC] ℹ️ No metadata found for address 0x3b9ba748691f135b71582dc3292e5e3ed7e13341
[2025-04-09 04:30:44 UTC] ℹ️ No metadata found for address 0x4f45530236e1c6603870301010dcab7b561125b3
fetch_delegators_metrics.py completed
Dashboards successfully generated.
Running fetch_delegators_metrics.py ...
[2025-04-09 05:30:01 UTC] ✅ Saved CSV file: reports/delegators.csv
[2025-04-09 05:30:04 UTC] ℹ️ No metadata found for address 0xc55c63563efb36f7cc65ac3060c52987c6694b37
[2025-04-09 05:30:12 UTC] ℹ️ No metadata found for address 0x3b9ba748691f135b71582dc3292e5e3ed7e13341
[2025-04-09 05:30:13 UTC] ℹ️ No metadata found for address 0x3b9ba748691f135b71582dc3292e5e3ed7e13341
[2025-04-09 05:30:39 UTC] ℹ️ No metadata found for address 0x4f45530236e1c6603870301010dcab7b561125b3
fetch_delegators_metrics.py completed
Dashboards successfully generated.
Running fetch_delegators_metrics.py ...
[2025-04-09 06:30:02 UTC] ✅ Saved CSV file: reports/delegators.csv
[2025-04-09 06:30:04 UTC] ℹ️ No metadata found for address 0xc55c63563efb36f7cc65ac3060c52987c6694b37
[2025-04-09 06:30:11 UTC] ℹ️ No metadata found for address 0x3b9ba748691f135b71582dc3292e5e3ed7e13341
[2025-04-09 06:30:11 UTC] ℹ️ No metadata found for address 0x3b9ba748691f135b71582dc3292e5e3ed7e13341
[2025-04-09 06:30:37 UTC] ℹ️ No metadata found for address 0x4f45530236e1c6603870301010dcab7b561125b3
fetch_delegators_metrics.py completed
Dashboards successfully generated.
Running fetch_delegators_metrics.py ...
[2025-04-09 07:30:01 UTC] ✅ Saved CSV file: reports/delegators.csv
[2025-04-09 07:30:04 UTC] ℹ️ No metadata found for address 0xc55c63563efb36f7cc65ac3060c52987c6694b37
[2025-04-09 07:30:10 UTC] ℹ️ No metadata found for address 0x3b9ba748691f135b71582dc3292e5e3ed7e13341
[2025-04-09 07:30:10 UTC] ℹ️ No metadata found for address 0x3b9ba748691f135b71582dc3292e5e3ed7e13341
[2025-04-09 07:30:27 UTC] ℹ️ No metadata found for address 0x4f45530236e1c6603870301010dcab7b561125b3
fetch_delegators_metrics.py completed
Dashboards successfully generated.
Running fetch_delegators_metrics.py ...
[2025-04-09 08:30:02 UTC] ✅ Saved CSV file: reports/delegators.csv
[2025-04-09 08:30:05 UTC] ℹ️ No metadata found for address 0xc55c63563efb36f7cc65ac3060c52987c6694b37
[2025-04-09 08:30:16 UTC] ℹ️ No metadata found for address 0x3b9ba748691f135b71582dc3292e5e3ed7e13341
[2025-04-09 08:30:17 UTC] ℹ️ No metadata found for address 0x3b9ba748691f135b71582dc3292e5e3ed7e13341
[2025-04-09 08:30:54 UTC] ℹ️ No metadata found for address 0x4f45530236e1c6603870301010dcab7b561125b3
fetch_delegators_metrics.py completed
Dashboards successfully generated.
Running fetch_delegators_metrics.py ...
[2025-04-09 09:30:01 UTC] ✅ Saved CSV file: reports/delegators.csv
[2025-04-09 09:30:04 UTC] ℹ️ No metadata found for address 0xc55c63563efb36f7cc65ac3060c52987c6694b37
[2025-04-09 09:30:13 UTC] ℹ️ No metadata found for address 0x3b9ba748691f135b71582dc3292e5e3ed7e13341
[2025-04-09 09:30:13 UTC] ℹ️ No metadata found for address 0x3b9ba748691f135b71582dc3292e5e3ed7e13341
[2025-04-09 09:30:40 UTC] ℹ️ No metadata found for address 0x4f45530236e1c6603870301010dcab7b561125b3
fetch_delegators_metrics.py completed
Dashboards successfully generated.
Running fetch_delegators_metrics.py ...
[2025-04-09 10:30:02 UTC] ✅ Saved CSV file: reports/delegators.csv
[2025-04-09 10:30:05 UTC] ℹ️ No metadata found for address 0xc55c63563efb36f7cc65ac3060c52987c6694b37
[2025-04-09 10:30:13 UTC] ℹ️ No metadata found for address 0x3b9ba748691f135b71582dc3292e5e3ed7e13341
[2025-04-09 10:30:14 UTC] ℹ️ No metadata found for address 0x3b9ba748691f135b71582dc3292e5e3ed7e13341
[2025-04-09 10:30:39 UTC] ℹ️ No metadata found for address 0x4f45530236e1c6603870301010dcab7b561125b3
fetch_delegators_metrics.py completed
Dashboards successfully generated.
Running fetch_delegators_metrics.py ...
[2025-04-09 11:30:02 UTC] ✅ Saved CSV file: reports/delegators.csv
[2025-04-09 11:30:05 UTC] ℹ️ No metadata found for address 0xc55c63563efb36f7cc65ac3060c52987c6694b37
[2025-04-09 11:30:14 UTC] ℹ️ No metadata found for address 0x3b9ba748691f135b71582dc3292e5e3ed7e13341
[2025-04-09 11:30:14 UTC] ℹ️ No metadata found for address 0x3b9ba748691f135b71582dc3292e5e3ed7e13341
[2025-04-09 11:30:41 UTC] ℹ️ No metadata found for address 0x4f45530236e1c6603870301010dcab7b561125b3
fetch_delegators_metrics.py completed
Dashboards successfully generated.
Running fetch_delegators_metrics.py ...
[2025-04-09 12:30:02 UTC] ✅ Saved CSV file: reports/delegators.csv
[2025-04-09 12:30:05 UTC] ℹ️ No metadata found for address 0xc55c63563efb36f7cc65ac3060c52987c6694b37
[2025-04-09 12:30:14 UTC] ℹ️ No metadata found for address 0x3b9ba748691f135b71582dc3292e5e3ed7e13341
[2025-04-09 12:30:14 UTC] ℹ️ No metadata found for address 0x3b9ba748691f135b71582dc3292e5e3ed7e13341
[2025-04-09 12:30:37 UTC] ℹ️ No metadata found for address 0x4f45530236e1c6603870301010dcab7b561125b3
fetch_delegators_metrics.py completed
Dashboards successfully generated.
Running fetch_delegators_metrics.py ...
[2025-04-09 13:30:02 UTC] ✅ Saved CSV file: reports/delegators.csv
[2025-04-09 13:30:05 UTC] ℹ️ No metadata found for address 0xc55c63563efb36f7cc65ac3060c52987c6694b37
[2025-04-09 13:30:14 UTC] ℹ️ No metadata found for address 0x3b9ba748691f135b71582dc3292e5e3ed7e13341
[2025-04-09 13:30:14 UTC] ℹ️ No metadata found for address 0x3b9ba748691f135b71582dc3292e5e3ed7e13341
[2025-04-09 13:30:40 UTC] ℹ️ No metadata found for address 0x4f45530236e1c6603870301010dcab7b561125b3
fetch_delegators_metrics.py completed
Dashboards successfully generated.
Running fetch_delegators_metrics.py ...
[2025-04-09 14:30:01 UTC] ✅ Saved CSV file: reports/delegators.csv
[2025-04-09 14:30:05 UTC] ℹ️ No metadata found for address 0xc55c63563efb36f7cc65ac3060c52987c6694b37
[2025-04-09 14:30:15 UTC] ℹ️ No metadata found for address 0x3b9ba748691f135b71582dc3292e5e3ed7e13341
[2025-04-09 14:30:16 UTC] ℹ️ No metadata found for address 0x3b9ba748691f135b71582dc3292e5e3ed7e13341
[2025-04-09 14:30:47 UTC] ℹ️ No metadata found for address 0x4f45530236e1c6603870301010dcab7b561125b3
fetch_delegators_metrics.py completed
Dashboards successfully generated.
Running fetch_delegators_metrics.py ...
[2025-04-09 15:30:01 UTC] ✅ Saved CSV file: reports/delegators.csv
[2025-04-09 15:30:04 UTC] ℹ️ No metadata found for address 0xc55c63563efb36f7cc65ac3060c52987c6694b37
[2025-04-09 15:30:13 UTC] ℹ️ No metadata found for address 0x3b9ba748691f135b71582dc3292e5e3ed7e13341
[2025-04-09 15:30:14 UTC] ℹ️ No metadata found for address 0x3b9ba748691f135b71582dc3292e5e3ed7e13341
[2025-04-09 15:30:43 UTC] ℹ️ No metadata found for address 0x4f45530236e1c6603870301010dcab7b561125b3
fetch_delegators_metrics.py completed
Dashboards successfully generated.
Running fetch_delegators_metrics.py ...
[2025-04-09 16:30:02 UTC] ✅ Saved CSV file: reports/delegators.csv
[2025-04-09 16:30:04 UTC] ℹ️ No metadata found for address 0xc55c63563efb36f7cc65ac3060c52987c6694b37
[2025-04-09 16:30:10 UTC] ℹ️ No metadata found for address 0x3b9ba748691f135b71582dc3292e5e3ed7e13341
[2025-04-09 16:30:10 UTC] ℹ️ No metadata found for address 0x3b9ba748691f135b71582dc3292e5e3ed7e13341
[2025-04-09 16:30:27 UTC] ℹ️ No metadata found for address 0x4f45530236e1c6603870301010dcab7b561125b3
fetch_delegators_metrics.py completed
Dashboards successfully generated.
Running fetch_delegators_metrics.py ...
[2025-04-09 17:30:02 UTC] ✅ Saved CSV file: reports/delegators.csv
[2025-04-09 17:30:06 UTC] ℹ️ No metadata found for address 0xc55c63563efb36f7cc65ac3060c52987c6694b37
[2025-04-09 17:30:18 UTC] ℹ️ No metadata found for address 0x3b9ba748691f135b71582dc3292e5e3ed7e13341
[2025-04-09 17:30:18 UTC] ℹ️ No metadata found for address 0x3b9ba748691f135b71582dc3292e5e3ed7e13341
[2025-04-09 17:30:41 UTC] ℹ️ No metadata found for address 0x4f45530236e1c6603870301010dcab7b561125b3
fetch_delegators_metrics.py completed
Dashboards successfully generated.
Running fetch_delegators_metrics.py ...
[2025-04-09 18:30:02 UTC] ✅ Saved CSV file: reports/delegators.csv
[2025-04-09 18:30:05 UTC] ℹ️ No metadata found for address 0xc55c63563efb36f7cc65ac3060c52987c6694b37
[2025-04-09 18:30:12 UTC] ℹ️ No metadata found for address 0x3b9ba748691f135b71582dc3292e5e3ed7e13341
[2025-04-09 18:30:13 UTC] ℹ️ No metadata found for address 0x3b9ba748691f135b71582dc3292e5e3ed7e13341
[2025-04-09 18:30:35 UTC] ℹ️ No metadata found for address 0x4f45530236e1c6603870301010dcab7b561125b3
fetch_delegators_metrics.py completed
Dashboards successfully generated.
Running fetch_delegators_metrics.py ...
[2025-04-09 19:30:02 UTC] ✅ Saved CSV file: reports/delegators.csv
[2025-04-09 19:30:03 UTC] ℹ️ No metadata found for address 0xc55c63563efb36f7cc65ac3060c52987c6694b37
[2025-04-09 19:30:11 UTC] ℹ️ No metadata found for address 0x3b9ba748691f135b71582dc3292e5e3ed7e13341
[2025-04-09 19:30:11 UTC] ℹ️ No metadata found for address 0x3b9ba748691f135b71582dc3292e5e3ed7e13341
[2025-04-09 19:30:34 UTC] ℹ️ No metadata found for address 0x4f45530236e1c6603870301010dcab7b561125b3
fetch_delegators_metrics.py completed
Dashboards successfully generated.
Running fetch_delegators_metrics.py ...
[2025-04-09 20:30:02 UTC] ✅ Saved CSV file: reports/delegators.csv
[2025-04-09 20:30:04 UTC] ℹ️ No metadata found for address 0xc55c63563efb36f7cc65ac3060c52987c6694b37
[2025-04-09 20:30:11 UTC] ℹ️ No metadata found for address 0x3b9ba748691f135b71582dc3292e5e3ed7e13341
[2025-04-09 20:30:11 UTC] ℹ️ No metadata found for address 0x3b9ba748691f135b71582dc3292e5e3ed7e13341
[2025-04-09 20:30:42 UTC] ℹ️ No metadata found for address 0x4f45530236e1c6603870301010dcab7b561125b3
fetch_delegators_metrics.py completed
Dashboards successfully generated.
Running fetch_delegators_metrics.py ...
[2025-04-09 21:30:01 UTC] ✅ Saved CSV file: reports/delegators.csv
[2025-04-09 21:30:04 UTC] ℹ️ No metadata found for address 0xc55c63563efb36f7cc65ac3060c52987c6694b37
[2025-04-09 21:30:10 UTC] ℹ️ No metadata found for address 0x3b9ba748691f135b71582dc3292e5e3ed7e13341
[2025-04-09 21:30:11 UTC] ℹ️ No metadata found for address 0x3b9ba748691f135b71582dc3292e5e3ed7e13341
[2025-04-09 21:30:33 UTC] ℹ️ No metadata found for address 0x4f45530236e1c6603870301010dcab7b561125b3
fetch_delegators_metrics.py completed
Dashboards successfully generated.
Running fetch_delegators_metrics.py ...
[2025-04-09 22:30:02 UTC] ✅ Saved CSV file: reports/delegators.csv
[2025-04-09 22:30:06 UTC] ℹ️ No metadata found for address 0xc55c63563efb36f7cc65ac3060c52987c6694b37
[2025-04-09 22:30:22 UTC] ℹ️ No metadata found for address 0x3b9ba748691f135b71582dc3292e5e3ed7e13341
[2025-04-09 22:30:22 UTC] ℹ️ No metadata found for address 0x3b9ba748691f135b71582dc3292e5e3ed7e13341
[2025-04-09 22:30:54 UTC] ℹ️ No metadata found for address 0x4f45530236e1c6603870301010dcab7b561125b3
fetch_delegators_metrics.py completed
Dashboards successfully generated.
Running fetch_delegators_metrics.py ...
[2025-04-09 23:30:02 UTC] ✅ Saved CSV file: reports/delegators.csv
[2025-04-09 23:30:04 UTC] ℹ️ No metadata found for address 0xc55c63563efb36f7cc65ac3060c52987c6694b37
[2025-04-09 23:30:09 UTC] ℹ️ No metadata found for address 0x3b9ba748691f135b71582dc3292e5e3ed7e13341
[2025-04-09 23:30:09 UTC] ℹ️ No metadata found for address 0x3b9ba748691f135b71582dc3292e5e3ed7e13341
[2025-04-09 23:30:25 UTC] ℹ️ No metadata found for address 0x4f45530236e1c6603870301010dcab7b561125b3
fetch_delegators_metrics.py completed
Dashboards successfully generated.
Running fetch_delegators_metrics.py ...
[2025-04-10 00:30:01 UTC] ✅ Saved CSV file: reports/delegators.csv
[2025-04-10 00:30:04 UTC] ℹ️ No metadata found for address 0xc55c63563efb36f7cc65ac3060c52987c6694b37
[2025-04-10 00:30:08 UTC] ℹ️ No metadata found for address 0x3b9ba748691f135b71582dc3292e5e3ed7e13341
[2025-04-10 00:30:08 UTC] ℹ️ No metadata found for address 0x3b9ba748691f135b71582dc3292e5e3ed7e13341
[2025-04-10 00:30:25 UTC] ℹ️ No metadata found for address 0x4f45530236e1c6603870301010dcab7b561125b3
fetch_delegators_metrics.py completed
Dashboards successfully generated.
Running fetch_delegators_metrics.py ...
[2025-04-10 01:30:01 UTC] ✅ Saved CSV file: reports/delegators.csv
[2025-04-10 01:30:05 UTC] ℹ️ No metadata found for address 0xc55c63563efb36f7cc65ac3060c52987c6694b37
[2025-04-10 01:30:13 UTC] ℹ️ No metadata found for address 0x3b9ba748691f135b71582dc3292e5e3ed7e13341
[2025-04-10 01:30:14 UTC] ℹ️ No metadata found for address 0x3b9ba748691f135b71582dc3292e5e3ed7e13341
[2025-04-10 01:30:39 UTC] ℹ️ No metadata found for address 0x4f45530236e1c6603870301010dcab7b561125b3
fetch_delegators_metrics.py completed
Dashboards successfully generated.
Running fetch_delegators_metrics.py ...
[2025-04-10 02:30:01 UTC] ✅ Saved CSV file: reports/delegators.csv
[2025-04-10 02:30:06 UTC] ℹ️ No metadata found for address 0xc55c63563efb36f7cc65ac3060c52987c6694b37
[2025-04-10 02:30:14 UTC] ℹ️ No metadata found for address 0x3b9ba748691f135b71582dc3292e5e3ed7e13341
[2025-04-10 02:30:14 UTC] ℹ️ No metadata found for address 0x3b9ba748691f135b71582dc3292e5e3ed7e13341
[2025-04-10 02:30:40 UTC] ℹ️ No metadata found for address 0x4f45530236e1c6603870301010dcab7b561125b3
fetch_delegators_metrics.py completed
Dashboards successfully generated.
Running fetch_delegators_metrics.py ...
[2025-04-10 03:30:02 UTC] ✅ Saved CSV file: reports/delegators.csv
[2025-04-10 03:30:05 UTC] ℹ️ No metadata found for address 0xc55c63563efb36f7cc65ac3060c52987c6694b37
[2025-04-10 03:30:11 UTC] ℹ️ No metadata found for address 0x3b9ba748691f135b71582dc3292e5e3ed7e13341
[2025-04-10 03:30:11 UTC] ℹ️ No metadata found for address 0x3b9ba748691f135b71582dc3292e5e3ed7e13341
[2025-04-10 03:30:28 UTC] ℹ️ No metadata found for address 0x4f45530236e1c6603870301010dcab7b561125b3
fetch_delegators_metrics.py completed
Dashboards successfully generated.
Running fetch_delegators_metrics.py ...
[2025-04-10 04:30:02 UTC] ✅ Saved CSV file: reports/delegators.csv
[2025-04-10 04:30:07 UTC] ℹ️ No metadata found for address 0xc55c63563efb36f7cc65ac3060c52987c6694b37
[2025-04-10 04:30:15 UTC] ℹ️ No metadata found for address 0x3b9ba748691f135b71582dc3292e5e3ed7e13341
[2025-04-10 04:30:15 UTC] ℹ️ No metadata found for address 0x3b9ba748691f135b71582dc3292e5e3ed7e13341
[2025-04-10 04:30:42 UTC] ℹ️ No metadata found for address 0x4f45530236e1c6603870301010dcab7b561125b3
fetch_delegators_metrics.py completed
Dashboards successfully generated.
Running fetch_delegators_metrics.py ...
[2025-04-10 05:30:02 UTC] ✅ Saved CSV file: reports/delegators.csv
[2025-04-10 05:30:06 UTC] ℹ️ No metadata found for address 0xc55c63563efb36f7cc65ac3060c52987c6694b37
[2025-04-10 05:30:16 UTC] ℹ️ No metadata found for address 0x3b9ba748691f135b71582dc3292e5e3ed7e13341
[2025-04-10 05:30:16 UTC] ℹ️ No metadata found for address 0x3b9ba748691f135b71582dc3292e5e3ed7e13341
[2025-04-10 05:30:46 UTC] ℹ️ No metadata found for address 0x4f45530236e1c6603870301010dcab7b561125b3
fetch_delegators_metrics.py completed
Dashboards successfully generated.
Running fetch_delegators_metrics.py ...
[2025-04-10 06:30:01 UTC] ✅ Saved CSV file: reports/delegators.csv
[2025-04-10 06:30:06 UTC] ℹ️ No metadata found for address 0xc55c63563efb36f7cc65ac3060c52987c6694b37
[2025-04-10 06:30:12 UTC] ℹ️ No metadata found for address 0x3b9ba748691f135b71582dc3292e5e3ed7e13341
[2025-04-10 06:30:13 UTC] ℹ️ No metadata found for address 0x3b9ba748691f135b71582dc3292e5e3ed7e13341
[2025-04-10 06:30:33 UTC] ℹ️ No metadata found for address 0x4f45530236e1c6603870301010dcab7b561125b3
fetch_delegators_metrics.py completed
Dashboards successfully generated.
Running fetch_delegators_metrics.py ...
[2025-04-10 07:30:02 UTC] ✅ Saved CSV file: reports/delegators.csv
[2025-04-10 07:30:07 UTC] ℹ️ No metadata found for address 0xc55c63563efb36f7cc65ac3060c52987c6694b37
[2025-04-10 07:30:14 UTC] ℹ️ No metadata found for address 0x3b9ba748691f135b71582dc3292e5e3ed7e13341
[2025-04-10 07:30:15 UTC] ℹ️ No metadata found for address 0x3b9ba748691f135b71582dc3292e5e3ed7e13341
[2025-04-10 07:30:35 UTC] ℹ️ No metadata found for address 0x4f45530236e1c6603870301010dcab7b561125b3
fetch_delegators_metrics.py completed
Dashboards successfully generated.
Running fetch_delegators_metrics.py ...
[2025-04-10 08:30:02 UTC] ✅ Saved CSV file: reports/delegators.csv
[2025-04-10 08:30:07 UTC] ℹ️ No metadata found for address 0xc55c63563efb36f7cc65ac3060c52987c6694b37
[2025-04-10 08:30:17 UTC] ℹ️ No metadata found for address 0x3b9ba748691f135b71582dc3292e5e3ed7e13341
[2025-04-10 08:30:17 UTC] ℹ️ No metadata found for address 0x3b9ba748691f135b71582dc3292e5e3ed7e13341
[2025-04-10 08:30:45 UTC] ℹ️ No metadata found for address 0x4f45530236e1c6603870301010dcab7b561125b3
fetch_delegators_metrics.py completed
Dashboards successfully generated.
Running fetch_delegators_metrics.py ...
[2025-04-10 09:30:01 UTC] ✅ Saved CSV file: reports/delegators.csv
[2025-04-10 09:30:07 UTC] ℹ️ No metadata found for address 0xc55c63563efb36f7cc65ac3060c52987c6694b37
[2025-04-10 09:30:16 UTC] ℹ️ No metadata found for address 0x3b9ba748691f135b71582dc3292e5e3ed7e13341
[2025-04-10 09:30:17 UTC] ℹ️ No metadata found for address 0x3b9ba748691f135b71582dc3292e5e3ed7e13341
[2025-04-10 09:30:45 UTC] ℹ️ No metadata found for address 0x4f45530236e1c6603870301010dcab7b561125b3
fetch_delegators_metrics.py completed
Dashboards successfully generated.
Running fetch_delegators_metrics.py ...
[2025-04-10 10:30:01 UTC] ✅ Saved CSV file: reports/delegators.csv
[2025-04-10 10:30:07 UTC] ℹ️ No metadata found for address 0xc55c63563efb36f7cc65ac3060c52987c6694b37
[2025-04-10 10:30:16 UTC] ℹ️ No metadata found for address 0x3b9ba748691f135b71582dc3292e5e3ed7e13341
[2025-04-10 10:30:17 UTC] ℹ️ No metadata found for address 0x3b9ba748691f135b71582dc3292e5e3ed7e13341
[2025-04-10 10:30:44 UTC] ℹ️ No metadata found for address 0x4f45530236e1c6603870301010dcab7b561125b3
fetch_delegators_metrics.py completed
Dashboards successfully generated.
Running fetch_delegators_metrics.py ...
[2025-04-10 11:30:01 UTC] ✅ Saved CSV file: reports/delegators.csv
[2025-04-10 11:30:05 UTC] ℹ️ No metadata found for address 0xc55c63563efb36f7cc65ac3060c52987c6694b37
[2025-04-10 11:30:12 UTC] ℹ️ No metadata found for address 0x3b9ba748691f135b71582dc3292e5e3ed7e13341
[2025-04-10 11:30:12 UTC] ℹ️ No metadata found for address 0x3b9ba748691f135b71582dc3292e5e3ed7e13341
[2025-04-10 11:30:38 UTC] ℹ️ No metadata found for address 0x4f45530236e1c6603870301010dcab7b561125b3
fetch_delegators_metrics.py completed
Dashboards successfully generated.
Running fetch_delegators_metrics.py ...
[2025-04-10 12:30:01 UTC] ✅ Saved CSV file: reports/delegators.csv
[2025-04-10 12:30:07 UTC] ℹ️ No metadata found for address 0xc55c63563efb36f7cc65ac3060c52987c6694b37
[2025-04-10 12:30:17 UTC] ℹ️ No metadata found for address 0x3b9ba748691f135b71582dc3292e5e3ed7e13341
[2025-04-10 12:30:18 UTC] ℹ️ No metadata found for address 0x3b9ba748691f135b71582dc3292e5e3ed7e13341
[2025-04-10 12:30:47 UTC] ℹ️ No metadata found for address 0x4f45530236e1c6603870301010dcab7b561125b3
fetch_delegators_metrics.py completed
Dashboards successfully generated.
